<?xml version="1.0" encoding="UTF-8"?>
<coverage generated="1618768188230" clover="3.2.0">
  <project timestamp="1618768188231" name="All files">
    <metrics statements="67" coveredstatements="65" conditionals="34" coveredconditionals="31" methods="19" coveredmethods="17" elements="120" coveredelements="113" complexity="0" loc="67" ncloc="67" packages="1" files="3" classes="3"/>
    <file name="index.js" path="/home/laboratoria/LIM014-mdlinks/index.js">
      <metrics statements="36" coveredstatements="36" conditionals="12" coveredconditionals="12" methods="13" coveredmethods="13"/>
      <line num="3" count="2" type="stmt"/>
      <line num="5" count="2" type="stmt"/>
      <line num="9" count="10" type="stmt"/>
      <line num="12" count="9" type="cond" truecount="2" falsecount="0"/>
      <line num="15" count="31" type="stmt"/>
      <line num="18" count="6" type="stmt"/>
      <line num="21" count="14" type="stmt"/>
      <line num="24" count="24" type="stmt"/>
      <line num="27" count="10" type="stmt"/>
      <line num="30" count="2" type="stmt"/>
      <line num="31" count="9" type="stmt"/>
      <line num="33" count="9" type="cond" truecount="2" falsecount="0"/>
      <line num="34" count="9" type="stmt"/>
      <line num="35" count="22" type="stmt"/>
      <line num="37" count="22" type="cond" truecount="2" falsecount="0"/>
      <line num="38" count="4" type="stmt"/>
      <line num="39" count="18" type="cond" truecount="2" falsecount="0"/>
      <line num="40" count="12" type="stmt"/>
      <line num="43" count="9" type="stmt"/>
      <line num="48" count="2" type="stmt"/>
      <line num="49" count="9" type="stmt"/>
      <line num="51" count="9" type="stmt"/>
      <line num="52" count="9" type="stmt"/>
      <line num="53" count="9" type="stmt"/>
      <line num="54" count="9" type="stmt"/>
      <line num="56" count="9" type="stmt"/>
      <line num="57" count="14" type="stmt"/>
      <line num="58" count="14" type="stmt"/>
      <line num="59" count="14" type="cond" truecount="2" falsecount="0"/>
      <line num="60" count="9" type="stmt"/>
      <line num="61" count="33" type="stmt"/>
      <line num="62" count="33" type="stmt"/>
      <line num="63" count="33" type="stmt"/>
      <line num="68" count="33" type="stmt"/>
      <line num="72" count="9" type="stmt"/>
      <line num="76" count="2" type="stmt"/>
    </file>
    <file name="md-links.js" path="/home/laboratoria/LIM014-mdlinks/md-links.js">
      <metrics statements="24" coveredstatements="24" conditionals="20" coveredconditionals="19" methods="2" coveredmethods="2"/>
      <line num="10" count="1" type="stmt"/>
      <line num="14" count="1" type="stmt"/>
      <line num="19" count="8" type="stmt"/>
      <line num="20" count="8" type="cond" truecount="2" falsecount="0"/>
      <line num="21" count="7" type="stmt"/>
      <line num="22" count="7" type="cond" truecount="2" falsecount="0"/>
      <line num="23" count="3" type="stmt"/>
      <line num="24" count="3" type="cond" truecount="2" falsecount="0"/>
      <line num="25" count="2" type="cond" truecount="4" falsecount="0"/>
      <line num="26" count="1" type="stmt"/>
      <line num="28" count="1" type="stmt"/>
      <line num="31" count="1" type="stmt"/>
      <line num="33" count="4" type="cond" truecount="1" falsecount="1"/>
      <line num="34" count="4" type="cond" truecount="2" falsecount="0"/>
      <line num="35" count="3" type="stmt"/>
      <line num="36" count="3" type="stmt"/>
      <line num="37" count="3" type="cond" truecount="2" falsecount="0"/>
      <line num="38" count="2" type="cond" truecount="4" falsecount="0"/>
      <line num="39" count="1" type="stmt"/>
      <line num="41" count="1" type="stmt"/>
      <line num="44" count="1" type="stmt"/>
      <line num="47" count="1" type="stmt"/>
      <line num="51" count="1" type="stmt"/>
      <line num="55" count="1" type="stmt"/>
    </file>
    <file name="option_validate.js" path="/home/laboratoria/LIM014-mdlinks/option_validate.js">
      <metrics statements="7" coveredstatements="5" conditionals="2" coveredconditionals="0" methods="4" coveredmethods="2"/>
      <line num="1" count="2" type="stmt"/>
      <line num="4" count="2" type="stmt"/>
      <line num="5" count="14" type="stmt"/>
      <line num="6" count="0" type="stmt"/>
      <line num="13" count="0" type="stmt"/>
      <line num="20" count="4" type="stmt"/>
      <line num="27" count="2" type="stmt"/>
    </file>
  </project>
</coverage>
