{"/home/laboratoria/LIM014-mdlinks/index.js": {"path":"/home/laboratoria/LIM014-mdlinks/index.js","statementMap":{"0":{"start":{"line":3,"column":11},"end":{"line":3,"column":24}},"1":{"start":{"line":5,"column":13},"end":{"line":5,"column":28}},"2":{"start":{"line":9,"column":19},"end":{"line":9,"column":50}},"3":{"start":{"line":9,"column":30},"end":{"line":9,"column":50}},"4":{"start":{"line":12,"column":25},"end":{"line":12,"column":92}},"5":{"start":{"line":12,"column":37},"end":{"line":12,"column":91}},"6":{"start":{"line":15,"column":26},"end":{"line":15,"column":69}},"7":{"start":{"line":15,"column":37},"end":{"line":15,"column":69}},"8":{"start":{"line":18,"column":21},"end":{"line":18,"column":59}},"9":{"start":{"line":18,"column":32},"end":{"line":18,"column":59}},"10":{"start":{"line":21,"column":17},"end":{"line":21,"column":59}},"11":{"start":{"line":21,"column":28},"end":{"line":21,"column":59}},"12":{"start":{"line":24,"column":15},"end":{"line":24,"column":55}},"13":{"start":{"line":24,"column":26},"end":{"line":24,"column":55}},"14":{"start":{"line":27,"column":22},"end":{"line":27,"column":54}},"15":{"start":{"line":27,"column":33},"end":{"line":27,"column":54}},"16":{"start":{"line":30,"column":16},"end":{"line":44,"column":1}},"17":{"start":{"line":31,"column":16},"end":{"line":31,"column":36}},"18":{"start":{"line":33,"column":22},"end":{"line":33,"column":43}},"19":{"start":{"line":34,"column":2},"end":{"line":42,"column":5}},"20":{"start":{"line":35,"column":21},"end":{"line":35,"column":43}},"21":{"start":{"line":37,"column":4},"end":{"line":41,"column":5}},"22":{"start":{"line":38,"column":6},"end":{"line":38,"column":55}},"23":{"start":{"line":39,"column":11},"end":{"line":41,"column":5}},"24":{"start":{"line":40,"column":6},"end":{"line":40,"column":35}},"25":{"start":{"line":43,"column":2},"end":{"line":43,"column":23}},"26":{"start":{"line":48,"column":14},"end":{"line":73,"column":1}},"27":{"start":{"line":49,"column":26},"end":{"line":49,"column":28}},"28":{"start":{"line":51,"column":18},"end":{"line":51,"column":114}},"29":{"start":{"line":52,"column":15},"end":{"line":52,"column":39}},"30":{"start":{"line":53,"column":19},"end":{"line":53,"column":64}},"31":{"start":{"line":54,"column":18},"end":{"line":54,"column":53}},"32":{"start":{"line":56,"column":2},"end":{"line":72,"column":5}},"33":{"start":{"line":57,"column":19},"end":{"line":57,"column":36}},"34":{"start":{"line":58,"column":22},"end":{"line":58,"column":44}},"35":{"start":{"line":59,"column":4},"end":{"line":71,"column":5}},"36":{"start":{"line":60,"column":6},"end":{"line":70,"column":9}},"37":{"start":{"line":61,"column":27},"end":{"line":61,"column":49}},"38":{"start":{"line":62,"column":8},"end":{"line":69,"column":11}},"39":{"start":{"line":63,"column":29},"end":{"line":67,"column":11}},"40":{"start":{"line":68,"column":10},"end":{"line":68,"column":43}},"41":{"start":{"line":72,"column":6},"end":{"line":72,"column":29}},"42":{"start":{"line":76,"column":0},"end":{"line":86,"column":2}}},"fnMap":{"0":{"name":"(anonymous_0)","decl":{"start":{"line":9,"column":19},"end":{"line":9,"column":20}},"loc":{"start":{"line":9,"column":30},"end":{"line":9,"column":50}},"line":9},"1":{"name":"(anonymous_1)","decl":{"start":{"line":12,"column":25},"end":{"line":12,"column":26}},"loc":{"start":{"line":12,"column":37},"end":{"line":12,"column":91}},"line":12},"2":{"name":"(anonymous_2)","decl":{"start":{"line":15,"column":26},"end":{"line":15,"column":27}},"loc":{"start":{"line":15,"column":37},"end":{"line":15,"column":69}},"line":15},"3":{"name":"(anonymous_3)","decl":{"start":{"line":18,"column":21},"end":{"line":18,"column":22}},"loc":{"start":{"line":18,"column":32},"end":{"line":18,"column":59}},"line":18},"4":{"name":"(anonymous_4)","decl":{"start":{"line":21,"column":17},"end":{"line":21,"column":18}},"loc":{"start":{"line":21,"column":28},"end":{"line":21,"column":59}},"line":21},"5":{"name":"(anonymous_5)","decl":{"start":{"line":24,"column":15},"end":{"line":24,"column":16}},"loc":{"start":{"line":24,"column":26},"end":{"line":24,"column":55}},"line":24},"6":{"name":"(anonymous_6)","decl":{"start":{"line":27,"column":22},"end":{"line":27,"column":23}},"loc":{"start":{"line":27,"column":33},"end":{"line":27,"column":54}},"line":27},"7":{"name":"(anonymous_7)","decl":{"start":{"line":30,"column":16},"end":{"line":30,"column":17}},"loc":{"start":{"line":30,"column":44},"end":{"line":44,"column":1}},"line":30},"8":{"name":"(anonymous_8)","decl":{"start":{"line":34,"column":16},"end":{"line":34,"column":17}},"loc":{"start":{"line":34,"column":26},"end":{"line":42,"column":3}},"line":34},"9":{"name":"(anonymous_9)","decl":{"start":{"line":48,"column":14},"end":{"line":48,"column":15}},"loc":{"start":{"line":48,"column":27},"end":{"line":73,"column":1}},"line":48},"10":{"name":"(anonymous_10)","decl":{"start":{"line":56,"column":18},"end":{"line":56,"column":19}},"loc":{"start":{"line":56,"column":31},"end":{"line":72,"column":3}},"line":56},"11":{"name":"(anonymous_11)","decl":{"start":{"line":60,"column":24},"end":{"line":60,"column":25}},"loc":{"start":{"line":60,"column":37},"end":{"line":70,"column":7}},"line":60},"12":{"name":"(anonymous_12)","decl":{"start":{"line":62,"column":27},"end":{"line":62,"column":28}},"loc":{"start":{"line":62,"column":37},"end":{"line":69,"column":9}},"line":62}},"branchMap":{"0":{"loc":{"start":{"line":12,"column":37},"end":{"line":12,"column":91}},"type":"cond-expr","locations":[{"start":{"line":12,"column":64},"end":{"line":12,"column":69}},{"start":{"line":12,"column":72},"end":{"line":12,"column":91}}],"line":12},"1":{"loc":{"start":{"line":33,"column":22},"end":{"line":33,"column":43}},"type":"binary-expr","locations":[{"start":{"line":33,"column":22},"end":{"line":33,"column":37}},{"start":{"line":33,"column":41},"end":{"line":33,"column":43}}],"line":33},"2":{"loc":{"start":{"line":37,"column":4},"end":{"line":41,"column":5}},"type":"if","locations":[{"start":{"line":37,"column":4},"end":{"line":41,"column":5}},{"start":{"line":37,"column":4},"end":{"line":41,"column":5}}],"line":37},"3":{"loc":{"start":{"line":39,"column":11},"end":{"line":41,"column":5}},"type":"if","locations":[{"start":{"line":39,"column":11},"end":{"line":41,"column":5}},{"start":{"line":39,"column":11},"end":{"line":41,"column":5}}],"line":39},"4":{"loc":{"start":{"line":59,"column":4},"end":{"line":71,"column":5}},"type":"if","locations":[{"start":{"line":59,"column":4},"end":{"line":71,"column":5}},{"start":{"line":59,"column":4},"end":{"line":71,"column":5}}],"line":59},"5":{"loc":{"start":{"line":65,"column":18},"end":{"line":65,"column":120}},"type":"cond-expr","locations":[{"start":{"line":65,"column":40},"end":{"line":65,"column":104}},{"start":{"line":65,"column":107},"end":{"line":65,"column":120}}],"line":65}},"s":{"0":2,"1":2,"2":2,"3":10,"4":2,"5":9,"6":2,"7":31,"8":2,"9":6,"10":2,"11":14,"12":2,"13":24,"14":2,"15":10,"16":2,"17":9,"18":9,"19":9,"20":22,"21":22,"22":4,"23":18,"24":12,"25":9,"26":2,"27":9,"28":9,"29":9,"30":9,"31":9,"32":9,"33":14,"34":14,"35":14,"36":9,"37":33,"38":33,"39":33,"40":33,"41":9,"42":2},"f":{"0":10,"1":9,"2":31,"3":6,"4":14,"5":24,"6":10,"7":9,"8":22,"9":9,"10":14,"11":33,"12":33},"b":{"0":[3,6],"1":[9,5],"2":[4,18],"3":[12,6],"4":[9,5],"5":[32,1]},"_coverageSchema":"1a1c01bbd47fc00a2c39e90264f33305004495a9","hash":"f9c9f391dac755513eb7cd1f6f6d6ca343b9a97f"}
,"/home/laboratoria/LIM014-mdlinks/md-links.js": {"path":"/home/laboratoria/LIM014-mdlinks/md-links.js","statementMap":{"0":{"start":{"line":10,"column":4},"end":{"line":10,"column":25}},"1":{"start":{"line":14,"column":4},"end":{"line":14,"column":35}},"2":{"start":{"line":19,"column":16},"end":{"line":53,"column":2}},"3":{"start":{"line":19,"column":38},"end":{"line":53,"column":2}},"4":{"start":{"line":20,"column":2},"end":{"line":52,"column":3}},"5":{"start":{"line":21,"column":25},"end":{"line":21,"column":51}},"6":{"start":{"line":22,"column":4},"end":{"line":49,"column":5}},"7":{"start":{"line":23,"column":29},"end":{"line":23,"column":57}},"8":{"start":{"line":24,"column":6},"end":{"line":32,"column":7}},"9":{"start":{"line":25,"column":8},"end":{"line":29,"column":9}},"10":{"start":{"line":26,"column":10},"end":{"line":26,"column":50}},"11":{"start":{"line":28,"column":10},"end":{"line":28,"column":34}},"12":{"start":{"line":31,"column":8},"end":{"line":31,"column":31}},"13":{"start":{"line":33,"column":11},"end":{"line":49,"column":5}},"14":{"start":{"line":34,"column":6},"end":{"line":48,"column":7}},"15":{"start":{"line":35,"column":26},"end":{"line":35,"column":40}},"16":{"start":{"line":36,"column":26},"end":{"line":36,"column":42}},"17":{"start":{"line":37,"column":8},"end":{"line":45,"column":9}},"18":{"start":{"line":38,"column":10},"end":{"line":42,"column":11}},"19":{"start":{"line":39,"column":12},"end":{"line":39,"column":47}},"20":{"start":{"line":41,"column":12},"end":{"line":41,"column":31}},"21":{"start":{"line":44,"column":10},"end":{"line":44,"column":33}},"22":{"start":{"line":47,"column":8},"end":{"line":47,"column":51}},"23":{"start":{"line":51,"column":4},"end":{"line":51,"column":32}},"24":{"start":{"line":55,"column":0},"end":{"line":57,"column":2}}},"fnMap":{"0":{"name":"(anonymous_0)","decl":{"start":{"line":19,"column":16},"end":{"line":19,"column":17}},"loc":{"start":{"line":19,"column":38},"end":{"line":53,"column":2}},"line":19},"1":{"name":"(anonymous_1)","decl":{"start":{"line":19,"column":50},"end":{"line":19,"column":51}},"loc":{"start":{"line":19,"column":71},"end":{"line":53,"column":1}},"line":19}},"branchMap":{"0":{"loc":{"start":{"line":20,"column":2},"end":{"line":52,"column":3}},"type":"if","locations":[{"start":{"line":20,"column":2},"end":{"line":52,"column":3}},{"start":{"line":20,"column":2},"end":{"line":52,"column":3}}],"line":20},"1":{"loc":{"start":{"line":22,"column":4},"end":{"line":49,"column":5}},"type":"if","locations":[{"start":{"line":22,"column":4},"end":{"line":49,"column":5}},{"start":{"line":22,"column":4},"end":{"line":49,"column":5}}],"line":22},"2":{"loc":{"start":{"line":24,"column":6},"end":{"line":32,"column":7}},"type":"if","locations":[{"start":{"line":24,"column":6},"end":{"line":32,"column":7}},{"start":{"line":24,"column":6},"end":{"line":32,"column":7}}],"line":24},"3":{"loc":{"start":{"line":25,"column":8},"end":{"line":29,"column":9}},"type":"if","locations":[{"start":{"line":25,"column":8},"end":{"line":29,"column":9}},{"start":{"line":25,"column":8},"end":{"line":29,"column":9}}],"line":25},"4":{"loc":{"start":{"line":25,"column":12},"end":{"line":25,"column":46}},"type":"binary-expr","locations":[{"start":{"line":25,"column":12},"end":{"line":25,"column":18}},{"start":{"line":25,"column":22},"end":{"line":25,"column":46}}],"line":25},"5":{"loc":{"start":{"line":33,"column":11},"end":{"line":49,"column":5}},"type":"if","locations":[{"start":{"line":33,"column":11},"end":{"line":49,"column":5}},{"start":{"line":33,"column":11},"end":{"line":49,"column":5}}],"line":33},"6":{"loc":{"start":{"line":34,"column":6},"end":{"line":48,"column":7}},"type":"if","locations":[{"start":{"line":34,"column":6},"end":{"line":48,"column":7}},{"start":{"line":34,"column":6},"end":{"line":48,"column":7}}],"line":34},"7":{"loc":{"start":{"line":37,"column":8},"end":{"line":45,"column":9}},"type":"if","locations":[{"start":{"line":37,"column":8},"end":{"line":45,"column":9}},{"start":{"line":37,"column":8},"end":{"line":45,"column":9}}],"line":37},"8":{"loc":{"start":{"line":38,"column":10},"end":{"line":42,"column":11}},"type":"if","locations":[{"start":{"line":38,"column":10},"end":{"line":42,"column":11}},{"start":{"line":38,"column":10},"end":{"line":42,"column":11}}],"line":38},"9":{"loc":{"start":{"line":38,"column":14},"end":{"line":38,"column":48}},"type":"binary-expr","locations":[{"start":{"line":38,"column":14},"end":{"line":38,"column":20}},{"start":{"line":38,"column":24},"end":{"line":38,"column":48}}],"line":38}},"s":{"0":1,"1":1,"2":1,"3":8,"4":8,"5":7,"6":7,"7":3,"8":3,"9":2,"10":1,"11":1,"12":1,"13":4,"14":4,"15":3,"16":3,"17":3,"18":2,"19":1,"20":1,"21":1,"22":1,"23":1,"24":1},"f":{"0":8,"1":8},"b":{"0":[7,1],"1":[3,4],"2":[2,1],"3":[1,1],"4":[2,1],"5":[4,0],"6":[3,1],"7":[2,1],"8":[1,1],"9":[2,2]},"_coverageSchema":"1a1c01bbd47fc00a2c39e90264f33305004495a9","hash":"7a11e3c75390dca7d8ef24da887919f9dd880dd2"}
,"/home/laboratoria/LIM014-mdlinks/option_validate.js": {"path":"/home/laboratoria/LIM014-mdlinks/option_validate.js","statementMap":{"0":{"start":{"line":1,"column":14},"end":{"line":1,"column":30}},"1":{"start":{"line":4,"column":23},"end":{"line":21,"column":1}},"2":{"start":{"line":5,"column":24},"end":{"line":19,"column":8}},"3":{"start":{"line":5,"column":41},"end":{"line":19,"column":7}},"4":{"start":{"line":6,"column":20},"end":{"line":12,"column":5}},"5":{"start":{"line":13,"column":21},"end":{"line":19,"column":5}},"6":{"start":{"line":20,"column":2},"end":{"line":20,"column":36}},"7":{"start":{"line":27,"column":0},"end":{"line":29,"column":2}}},"fnMap":{"0":{"name":"(anonymous_0)","decl":{"start":{"line":4,"column":23},"end":{"line":4,"column":24}},"loc":{"start":{"line":4,"column":32},"end":{"line":21,"column":1}},"line":4},"1":{"name":"(anonymous_1)","decl":{"start":{"line":5,"column":32},"end":{"line":5,"column":33}},"loc":{"start":{"line":5,"column":41},"end":{"line":19,"column":7}},"line":5},"2":{"name":"(anonymous_2)","decl":{"start":{"line":6,"column":10},"end":{"line":6,"column":11}},"loc":{"start":{"line":6,"column":20},"end":{"line":12,"column":5}},"line":6},"3":{"name":"(anonymous_3)","decl":{"start":{"line":13,"column":11},"end":{"line":13,"column":12}},"loc":{"start":{"line":13,"column":21},"end":{"line":19,"column":5}},"line":13}},"branchMap":{"0":{"loc":{"start":{"line":17,"column":14},"end":{"line":17,"column":43}},"type":"cond-expr","locations":[{"start":{"line":17,"column":27},"end":{"line":17,"column":37}},{"start":{"line":17,"column":40},"end":{"line":17,"column":43}}],"line":17}},"s":{"0":2,"1":2,"2":4,"3":14,"4":0,"5":0,"6":4,"7":2},"f":{"0":4,"1":14,"2":0,"3":0},"b":{"0":[0,0]},"_coverageSchema":"1a1c01bbd47fc00a2c39e90264f33305004495a9","hash":"0fdcb1e2f6dedf6c4a9a4fb0ececb80faef61fcd"}
}
