TN:
SF:index.js
FN:9,(anonymous_0)
FN:12,(anonymous_1)
FN:15,(anonymous_2)
FN:18,(anonymous_3)
FN:21,(anonymous_4)
FN:24,(anonymous_5)
FN:27,(anonymous_6)
FN:30,(anonymous_7)
FN:34,(anonymous_8)
FN:48,(anonymous_9)
FN:56,(anonymous_10)
FN:60,(anonymous_11)
FN:62,(anonymous_12)
FNF:13
FNH:13
FNDA:2,(anonymous_0)
FNDA:2,(anonymous_1)
FNDA:11,(anonymous_2)
FNDA:2,(anonymous_3)
FNDA:3,(anonymous_4)
FNDA:9,(anonymous_5)
FNDA:5,(anonymous_6)
FNDA:4,(anonymous_7)
FNDA:9,(anonymous_8)
FNDA:2,(anonymous_9)
FNDA:3,(anonymous_10)
FNDA:8,(anonymous_11)
FNDA:8,(anonymous_12)
DA:3,1
DA:5,1
DA:9,2
DA:12,2
DA:15,11
DA:18,2
DA:21,3
DA:24,9
DA:27,5
DA:30,1
DA:31,4
DA:33,4
DA:34,4
DA:35,9
DA:37,9
DA:38,2
DA:39,7
DA:40,5
DA:43,4
DA:48,1
DA:49,2
DA:51,2
DA:52,2
DA:53,2
DA:54,2
DA:56,2
DA:57,3
DA:58,3
DA:59,3
DA:60,2
DA:61,8
DA:62,8
DA:63,8
DA:68,8
DA:72,2
DA:76,1
LF:36
LH:36
BRDA:12,0,0,1
BRDA:12,0,1,1
BRDA:33,1,0,4
BRDA:33,1,1,2
BRDA:37,2,0,2
BRDA:37,2,1,7
BRDA:39,3,0,5
BRDA:39,3,1,2
BRDA:59,4,0,2
BRDA:59,4,1,1
BRDA:65,5,0,8
BRDA:65,5,1,0
BRF:12
BRH:11
end_of_record
TN:
SF:option_validate.js
FN:4,(anonymous_0)
FN:4,(anonymous_1)
FN:5,(anonymous_2)
FN:12,(anonymous_3)
FNF:4
FNH:2
FNDA:1,(anonymous_0)
FNDA:1,(anonymous_1)
FNDA:0,(anonymous_2)
FNDA:0,(anonymous_3)
DA:1,1
DA:4,1
DA:5,0
DA:12,0
DA:24,1
LF:5
LH:3
BRDA:16,0,0,0
BRDA:16,0,1,0
BRF:2
BRH:0
end_of_record
