TN:
SF:index.js
FN:15,(anonymous_0)
FN:18,(anonymous_1)
FN:21,(anonymous_2)
FN:24,(anonymous_3)
FN:27,(anonymous_4)
FN:30,(anonymous_5)
FN:33,(anonymous_6)
FN:36,(anonymous_7)
FN:40,(anonymous_8)
FN:55,(anonymous_9)
FN:63,(anonymous_10)
FN:67,(anonymous_11)
FN:69,(anonymous_12)
FNF:13
FNH:13
FNDA:2,(anonymous_0)
FNDA:2,(anonymous_1)
FNDA:11,(anonymous_2)
FNDA:2,(anonymous_3)
FNDA:3,(anonymous_4)
FNDA:9,(anonymous_5)
FNDA:5,(anonymous_6)
FNDA:4,(anonymous_7)
FNDA:9,(anonymous_8)
FNDA:2,(anonymous_9)
FNDA:3,(anonymous_10)
FNDA:8,(anonymous_11)
FNDA:8,(anonymous_12)
DA:9,1
DA:11,1
DA:15,2
DA:18,2
DA:21,11
DA:24,2
DA:27,3
DA:30,9
DA:33,5
DA:36,1
DA:37,4
DA:39,4
DA:40,4
DA:41,9
DA:43,9
DA:44,2
DA:45,7
DA:46,5
DA:49,4
DA:55,1
DA:56,2
DA:58,2
DA:59,2
DA:60,2
DA:61,2
DA:63,2
DA:64,3
DA:65,3
DA:66,3
DA:67,2
DA:68,8
DA:69,8
DA:70,8
DA:75,8
DA:79,2
DA:84,1
LF:36
LH:36
BRDA:18,0,0,1
BRDA:18,0,1,1
BRDA:39,1,0,4
BRDA:39,1,1,2
BRDA:43,2,0,2
BRDA:43,2,1,7
BRDA:45,3,0,5
BRDA:45,3,1,2
BRDA:66,4,0,2
BRDA:66,4,1,1
BRF:10
BRH:10
end_of_record
